<?xml version='1.0' encoding='UTF-8'?>
<testsuite hostname="DESKTOP-BN2O27J" name="FuzzyLogicDSLTest" tests="16" errors="0" failures="0" skipped="0" time="0.061" timestamp="2024-11-01T23:27:11">
          <properties>
[...]
</properties>
          <testcase classname="FuzzyLogicDSLTest" name="FuzzyLogicDSL should correctly evaluate ADD operation in a class method" time="0.038">
                      
                    </testcase><testcase classname="FuzzyLogicDSLTest" name="FuzzyLogicDSL should correctly evaluate MULT operation in a class method" time="0.001">
                      
                    </testcase><testcase classname="FuzzyLogicDSLTest" name="FuzzyLogicDSL should correctly evaluate XOR operation in a class method" time="0.001">
                      
                    </testcase><testcase classname="FuzzyLogicDSLTest" name="FuzzyLogicDSL should correctly evaluate composite gate operation in a nested class method" time="0.0">
                      
                    </testcase><testcase classname="FuzzyLogicDSLTest" name="FuzzyLogicDSL should correctly evaluate inherited method in derived class" time="0.001">
                      
                    </testcase><testcase classname="FuzzyLogicDSLTest" name="FuzzyLogicDSL should correctly handle FuzzyString parameters" time="0.001">
                      
                    </testcase><testcase classname="FuzzyLogicDSLTest" name="FuzzySet operations in class methods should correctly evaluate ADD operation on fuzzy sets in a class method" time="0.01">
                      
                    </testcase><testcase classname="FuzzyLogicDSLTest" name="FuzzySet operations in class methods should correctly evaluate MULT operation on fuzzy sets in a class method" time="0.002">
                      
                    </testcase><testcase classname="FuzzyLogicDSLTest" name="FuzzySet operations in class methods should correctly evaluate XOR operation on fuzzy sets in a class method" time="0.001">
                      
                    </testcase><testcase classname="FuzzyLogicDSLTest" name="FuzzySet operations in class methods should correctly evaluate complement operation on a fuzzy set in a class method" time="0.0">
                      
                    </testcase><testcase classname="FuzzyLogicDSLTest" name="FuzzySet operations in class methods should correctly evaluate alpha-cut operation on a fuzzy set in a class method" time="0.004">
                      
                    </testcase><testcase classname="FuzzyLogicDSLTest" name="FuzzySet operations in class methods should correctly evaluate unionMethod in a class method" time="0.0">
                      
                    </testcase><testcase classname="FuzzyLogicDSLTest" name="FuzzySet operations in class methods should correctly evaluate intersectionMethod in a class method" time="0.001">
                      
                    </testcase><testcase classname="FuzzyLogicDSLTest" name="FuzzySet operations in class methods should correctly evaluate complementMethod in a class method" time="0.0">
                      
                    </testcase><testcase classname="FuzzyLogicDSLTest" name="FuzzySet operations in class methods should correctly evaluate nested set operations in a class method" time="0.001">
                      
                    </testcase><testcase classname="FuzzyLogicDSLTest" name="FuzzySet operations in class methods should correctly evaluate inherited fuzzy set method in derived class" time="0.0">
                      
                    </testcase>
          <system-out><![CDATA[]]></system-out>
          <system-err><![CDATA[]]></system-err>
        </testsuite>